<?xml version="1.0" encoding="UTF-8"?>
<testng-results skipped="0" failed="2" ignored="0" total="5" passed="3">
  <reporter-output>
  </reporter-output>
  <suite name="T360 Regression Test Suit" duration-ms="83170" started-at="2018-07-11T08:56:23Z" finished-at="2018-07-11T08:57:46Z">
    <groups>
    </groups>
    <test name="T360 Test" duration-ms="83170" started-at="2018-07-11T08:56:23Z" finished-at="2018-07-11T08:57:46Z">
      <class name="org.t360.testcases.HomePageTest">
        <test-method status="PASS" signature="prepareTest()[pri:0, instance:org.t360.testcases.HomePageTest@4a87761d]" name="prepareTest" is-config="true" duration-ms="14219" started-at="2018-07-11T14:26:33Z" finished-at="2018-07-11T14:26:47Z">
          <reporter-output>
          </reporter-output>
        </test-method> <!-- prepareTest -->
        <test-method status="PASS" signature="validateHomePageTest()[pri:1, instance:org.t360.testcases.HomePageTest@4a87761d]" name="validateHomePageTest" duration-ms="55" started-at="2018-07-11T14:26:47Z" description="Test Case ID:2221" finished-at="2018-07-11T14:26:47Z">
          <reporter-output>
          </reporter-output>
        </test-method> <!-- validateHomePageTest -->
        <test-method status="PASS" signature="terminateTest()[pri:0, instance:org.t360.testcases.HomePageTest@4a87761d]" name="terminateTest" is-config="true" duration-ms="2319" started-at="2018-07-11T14:26:47Z" finished-at="2018-07-11T14:26:50Z">
          <reporter-output>
          </reporter-output>
        </test-method> <!-- terminateTest -->
        <test-method status="PASS" signature="prepareTest()[pri:0, instance:org.t360.testcases.HomePageTest@4a87761d]" name="prepareTest" is-config="true" duration-ms="17788" started-at="2018-07-11T14:27:06Z" finished-at="2018-07-11T14:27:24Z">
          <reporter-output>
          </reporter-output>
        </test-method> <!-- prepareTest -->
        <test-method status="FAIL" signature="selectNetworkTest()[pri:2, instance:org.t360.testcases.HomePageTest@4a87761d]" name="selectNetworkTest" duration-ms="587" started-at="2018-07-11T14:27:24Z" description="Test Case ID:2222" finished-at="2018-07-11T14:27:24Z">
          <exception class="org.openqa.selenium.NoSuchSessionException">
            <message>
              <![CDATA[no such session  (Driver info: chromedriver=2.40.565498 (ea082db3280dd6843ebfb08a625e3eb905c4f5ab),platform=Windows NT 10.0.16299 x86_64) (WARNING: The server did not provide any stacktrace information)Command duration or timeout: 0 millisecondsBuild info: version: '3.8.0', revision: '924c4067df', time: '2017-11-30T11:20:39.408Z'System info: host: 'ELM-VJAMI', ip: '10.91.38.30', os.name: 'Windows 10', os.arch: 'amd64', os.version: '10.0', java.version: '1.8.0_171'Driver info: org.openqa.selenium.chrome.ChromeDriverCapabilities {acceptInsecureCerts: false, acceptSslCerts: false, applicationCacheEnabled: false, browserConnectionEnabled: false, browserName: chrome, chrome: {chromedriverVersion: 2.40.565498 (ea082db3280dd6..., userDataDir: C:\Users\VEERAN~1.JAM\AppDa...}, cssSelectorsEnabled: true, databaseEnabled: false, handlesAlerts: true, hasTouchScreen: false, javascriptEnabled: true, locationContextEnabled: true, mobileEmulationEnabled: false, nativeEvents: true, networkConnectionEnabled: false, pageLoadStrategy: normal, platform: XP, platformName: XP, rotatable: false, setWindowRect: true, takesHeapSnapshot: true, takesScreenshot: true, unexpectedAlertBehaviour: , unhandledPromptBehavior: , version: 67.0.3396.99, webStorageEnabled: true}Session ID: ed8ae2234ff41792cb6de36bd13648cd]]>
            </message>
            <full-stacktrace>
              <![CDATA[org.openqa.selenium.NoSuchSessionException: no such session  (Driver info: chromedriver=2.40.565498 (ea082db3280dd6843ebfb08a625e3eb905c4f5ab),platform=Windows NT 10.0.16299 x86_64) (WARNING: The server did not provide any stacktrace information)Command duration or timeout: 0 millisecondsBuild info: version: '3.8.0', revision: '924c4067df', time: '2017-11-30T11:20:39.408Z'System info: host: 'ELM-VJAMI', ip: '10.91.38.30', os.name: 'Windows 10', os.arch: 'amd64', os.version: '10.0', java.version: '1.8.0_171'Driver info: org.openqa.selenium.chrome.ChromeDriverCapabilities {acceptInsecureCerts: false, acceptSslCerts: false, applicationCacheEnabled: false, browserConnectionEnabled: false, browserName: chrome, chrome: {chromedriverVersion: 2.40.565498 (ea082db3280dd6..., userDataDir: C:\Users\VEERAN~1.JAM\AppDa...}, cssSelectorsEnabled: true, databaseEnabled: false, handlesAlerts: true, hasTouchScreen: false, javascriptEnabled: true, locationContextEnabled: true, mobileEmulationEnabled: false, nativeEvents: true, networkConnectionEnabled: false, pageLoadStrategy: normal, platform: XP, platformName: XP, rotatable: false, setWindowRect: true, takesHeapSnapshot: true, takesScreenshot: true, unexpectedAlertBehaviour: , unhandledPromptBehavior: , version: 67.0.3396.99, webStorageEnabled: true}Session ID: ed8ae2234ff41792cb6de36bd13648cdat sun.reflect.NativeConstructorAccessorImpl.newInstance0(Native Method)at sun.reflect.NativeConstructorAccessorImpl.newInstance(Unknown Source)at sun.reflect.DelegatingConstructorAccessorImpl.newInstance(Unknown Source)at java.lang.reflect.Constructor.newInstance(Unknown Source)at org.openqa.selenium.remote.ErrorHandler.createThrowable(ErrorHandler.java:214)at org.openqa.selenium.remote.ErrorHandler.throwIfResponseFailed(ErrorHandler.java:166)at org.openqa.selenium.remote.http.JsonHttpResponseCodec.reconstructValue(JsonHttpResponseCodec.java:40)at org.openqa.selenium.remote.http.AbstractHttpResponseCodec.decode(AbstractHttpResponseCodec.java:80)at org.openqa.selenium.remote.http.AbstractHttpResponseCodec.decode(AbstractHttpResponseCodec.java:44)at org.openqa.selenium.remote.HttpCommandExecutor.execute(HttpCommandExecutor.java:164)at org.openqa.selenium.remote.service.DriverCommandExecutor.execute(DriverCommandExecutor.java:83)at org.openqa.selenium.remote.RemoteWebDriver.execute(RemoteWebDriver.java:601)at org.openqa.selenium.remote.RemoteWebDriver.executeScript(RemoteWebDriver.java:537)at sun.reflect.NativeMethodAccessorImpl.invoke0(Native Method)at sun.reflect.NativeMethodAccessorImpl.invoke(Unknown Source)at sun.reflect.DelegatingMethodAccessorImpl.invoke(Unknown Source)at java.lang.reflect.Method.invoke(Unknown Source)at org.openqa.selenium.support.events.EventFiringWebDriver$2.invoke(EventFiringWebDriver.java:108)at com.sun.proxy.$Proxy7.executeScript(Unknown Source)at org.openqa.selenium.support.events.EventFiringWebDriver.executeScript(EventFiringWebDriver.java:221)at org.t360.util.Utility.scrollAndClick(Utility.java:175)at org.t360.pages.HomePage.selectNetwork(HomePage.java:62)at org.t360.testcases.HomePageTest.selectNetworkTest(HomePageTest.java:38)at sun.reflect.NativeMethodAccessorImpl.invoke0(Native Method)at sun.reflect.NativeMethodAccessorImpl.invoke(Unknown Source)at sun.reflect.DelegatingMethodAccessorImpl.invoke(Unknown Source)at java.lang.reflect.Method.invoke(Unknown Source)at org.testng.internal.MethodInvocationHelper.invokeMethod(MethodInvocationHelper.java:124)at org.testng.internal.Invoker.invokeMethod(Invoker.java:571)at org.testng.internal.Invoker.invokeTestMethod(Invoker.java:707)at org.testng.internal.Invoker.invokeTestMethods(Invoker.java:979)at org.testng.internal.TestMethodWorker.invokeTestMethods(TestMethodWorker.java:125)at org.testng.internal.TestMethodWorker.run(TestMethodWorker.java:109)at org.testng.TestRunner.privateRun(TestRunner.java:648)at org.testng.TestRunner.run(TestRunner.java:505)at org.testng.SuiteRunner.runTest(SuiteRunner.java:455)at org.testng.SuiteRunner.runSequentially(SuiteRunner.java:450)at org.testng.SuiteRunner.privateRun(SuiteRunner.java:415)at org.testng.SuiteRunner.run(SuiteRunner.java:364)at org.testng.SuiteRunnerWorker.runSuite(SuiteRunnerWorker.java:52)at org.testng.SuiteRunnerWorker.run(SuiteRunnerWorker.java:84)at org.testng.TestNG.runSuitesSequentially(TestNG.java:1187)at org.testng.TestNG.runSuitesLocally(TestNG.java:1116)at org.testng.TestNG.runSuites(TestNG.java:1028)at org.testng.TestNG.run(TestNG.java:996)at org.testng.remote.AbstractRemoteTestNG.run(AbstractRemoteTestNG.java:114)at org.testng.remote.RemoteTestNG.initAndRun(RemoteTestNG.java:251)at org.testng.remote.RemoteTestNG.main(RemoteTestNG.java:77)]]>
            </full-stacktrace>
          </exception> <!-- org.openqa.selenium.NoSuchSessionException -->
          <reporter-output>
          </reporter-output>
        </test-method> <!-- selectNetworkTest -->
        <test-method status="PASS" signature="terminateTest()[pri:0, instance:org.t360.testcases.HomePageTest@4a87761d]" name="terminateTest" is-config="true" duration-ms="2313" started-at="2018-07-11T14:27:24Z" finished-at="2018-07-11T14:27:26Z">
          <reporter-output>
          </reporter-output>
        </test-method> <!-- terminateTest -->
        <test-method status="PASS" signature="prepareTest()[pri:0, instance:org.t360.testcases.HomePageTest@4a87761d]" name="prepareTest" is-config="true" duration-ms="15805" started-at="2018-07-11T14:27:26Z" finished-at="2018-07-11T14:27:42Z">
          <reporter-output>
          </reporter-output>
        </test-method> <!-- prepareTest -->
        <test-method status="PASS" signature="navigateToMatterCreationWorkFlowPage()[pri:3, instance:org.t360.testcases.HomePageTest@4a87761d]" name="navigateToMatterCreationWorkFlowPage" duration-ms="2042" started-at="2018-07-11T14:27:42Z" description="Test Case ID:2223" finished-at="2018-07-11T14:27:44Z">
          <reporter-output>
          </reporter-output>
        </test-method> <!-- navigateToMatterCreationWorkFlowPage -->
        <test-method status="PASS" signature="terminateTest()[pri:0, instance:org.t360.testcases.HomePageTest@4a87761d]" name="terminateTest" is-config="true" duration-ms="2066" started-at="2018-07-11T14:27:44Z" finished-at="2018-07-11T14:27:46Z">
          <reporter-output>
          </reporter-output>
        </test-method> <!-- terminateTest -->
      </class> <!-- org.t360.testcases.HomePageTest -->
      <class name="org.t360.testcases.LoginPageTest">
        <test-method status="PASS" signature="prepareTest()[pri:0, instance:org.t360.testcases.LoginPageTest@757942a1]" name="prepareTest" is-config="true" duration-ms="7668" started-at="2018-07-11T14:26:23Z" finished-at="2018-07-11T14:26:31Z">
          <reporter-output>
          </reporter-output>
        </test-method> <!-- prepareTest -->
        <test-method status="PASS" signature="validateLoginPageTest()[pri:1, instance:org.t360.testcases.LoginPageTest@757942a1]" name="validateLoginPageTest" duration-ms="50" started-at="2018-07-11T14:26:31Z" description="Test Case ID:1111" finished-at="2018-07-11T14:26:31Z">
          <reporter-output>
          </reporter-output>
        </test-method> <!-- validateLoginPageTest -->
        <test-method status="PASS" signature="terminateTest()[pri:0, instance:org.t360.testcases.LoginPageTest@757942a1]" name="terminateTest" is-config="true" duration-ms="2142" started-at="2018-07-11T14:26:31Z" finished-at="2018-07-11T14:26:33Z">
          <reporter-output>
          </reporter-output>
        </test-method> <!-- terminateTest -->
        <test-method status="PASS" signature="prepareTest()[pri:0, instance:org.t360.testcases.LoginPageTest@757942a1]" name="prepareTest" is-config="true" duration-ms="6738" started-at="2018-07-11T14:26:50Z" finished-at="2018-07-11T14:26:56Z">
          <reporter-output>
          </reporter-output>
        </test-method> <!-- prepareTest -->
        <test-method status="FAIL" signature="loginTest()[pri:2, instance:org.t360.testcases.LoginPageTest@757942a1]" name="loginTest" duration-ms="7027" started-at="2018-07-11T14:26:56Z" description="Test Case ID:1112" finished-at="2018-07-11T14:27:03Z">
          <exception class="java.lang.AssertionError">
            <message>
              <![CDATA[expected [true] but found [false]]]>
            </message>
            <full-stacktrace>
              <![CDATA[java.lang.AssertionError: expected [true] but found [false]at org.testng.Assert.fail(Assert.java:96)at org.testng.Assert.failNotEquals(Assert.java:776)at org.testng.Assert.assertTrue(Assert.java:44)at org.testng.Assert.assertTrue(Assert.java:54)at org.t360.testcases.LoginPageTest.loginTest(LoginPageTest.java:42)at sun.reflect.NativeMethodAccessorImpl.invoke0(Native Method)at sun.reflect.NativeMethodAccessorImpl.invoke(Unknown Source)at sun.reflect.DelegatingMethodAccessorImpl.invoke(Unknown Source)at java.lang.reflect.Method.invoke(Unknown Source)at org.testng.internal.MethodInvocationHelper.invokeMethod(MethodInvocationHelper.java:124)at org.testng.internal.Invoker.invokeMethod(Invoker.java:571)at org.testng.internal.Invoker.invokeTestMethod(Invoker.java:707)at org.testng.internal.Invoker.invokeTestMethods(Invoker.java:979)at org.testng.internal.TestMethodWorker.invokeTestMethods(TestMethodWorker.java:125)at org.testng.internal.TestMethodWorker.run(TestMethodWorker.java:109)at org.testng.TestRunner.privateRun(TestRunner.java:648)at org.testng.TestRunner.run(TestRunner.java:505)at org.testng.SuiteRunner.runTest(SuiteRunner.java:455)at org.testng.SuiteRunner.runSequentially(SuiteRunner.java:450)at org.testng.SuiteRunner.privateRun(SuiteRunner.java:415)at org.testng.SuiteRunner.run(SuiteRunner.java:364)at org.testng.SuiteRunnerWorker.runSuite(SuiteRunnerWorker.java:52)at org.testng.SuiteRunnerWorker.run(SuiteRunnerWorker.java:84)at org.testng.TestNG.runSuitesSequentially(TestNG.java:1187)at org.testng.TestNG.runSuitesLocally(TestNG.java:1116)at org.testng.TestNG.runSuites(TestNG.java:1028)at org.testng.TestNG.run(TestNG.java:996)at org.testng.remote.AbstractRemoteTestNG.run(AbstractRemoteTestNG.java:114)at org.testng.remote.RemoteTestNG.initAndRun(RemoteTestNG.java:251)at org.testng.remote.RemoteTestNG.main(RemoteTestNG.java:77)]]>
            </full-stacktrace>
          </exception> <!-- java.lang.AssertionError -->
          <reporter-output>
          </reporter-output>
        </test-method> <!-- loginTest -->
        <test-method status="PASS" signature="terminateTest()[pri:0, instance:org.t360.testcases.LoginPageTest@757942a1]" name="terminateTest" is-config="true" duration-ms="2314" started-at="2018-07-11T14:27:03Z" finished-at="2018-07-11T14:27:06Z">
          <reporter-output>
          </reporter-output>
        </test-method> <!-- terminateTest -->
      </class> <!-- org.t360.testcases.LoginPageTest -->
    </test> <!-- T360 Test -->
  </suite> <!-- T360 Regression Test Suit -->
</testng-results>
